[2026-02-04 22:34:13] OPERATION: UPDATE | PACKAGE: system | STATUS: SUCCESS
[2026-02-04 22:34:26] OPERATION: INSTALL | PACKAGE: nginx | STATUS: SUCCESS
[2026-02-04 22:35:05] OPERATION: UPDATE | PACKAGE: system | STATUS: SUCCESS
[2026-02-04 22:43:12] OPERATION: UPGRADE | PACKAGE: all | STATUS: SUCCESS
[2026-02-04 22:43:22] OPERATION: VULN_SCAN | PACKAGE: system | STATUS: COMPLETED
[2026-02-04 22:44:06] OPERATION: SEARCH | PACKAGE: nginx | STATUS: COMPLETED
[2026-02-04 22:44:13] OPERATION: VULN_SCAN | PACKAGE: system | STATUS: COMPLETED
[2026-02-04 22:46:27] OPERATION: SEARCH | PACKAGE: ngin | STATUS: COMPLETED
[2026-02-04 22:46:33] OPERATION: VULN_SCAN | PACKAGE: system | STATUS: COMPLETED
[2026-02-04 22:51:41] OPERATION: INSTALL | PACKAGE: python3-pip | STATUS: SUCCESS
[2026-02-04 22:51:54] OPERATION: VULN_SCAN | PACKAGE: system | STATUS: COMPLETED
[2026-02-04 22:53:31] OPERATION: VULN_SCAN | PACKAGE: system | STATUS: COMPLETED
[2026-02-04 22:53:48] OPERATION: VULN_SCAN | PACKAGE: system | STATUS: COMPLETED
[2026-02-04 22:54:59] OPERATION: UPDATE | PACKAGE: system | STATUS: SUCCESS
[2026-02-04 22:55:10] OPERATION: SEARCH | PACKAGE: nginx | STATUS: COMPLETED
[2026-02-04 22:55:23] OPERATION: INSTALL | PACKAGE: nginx | STATUS: SUCCESS
[2026-02-04 22:55:33] OPERATION: SEARCH | PACKAGE: mysql | STATUS: COMPLETED
[2026-02-04 22:55:48] OPERATION: INSTALL | PACKAGE: mysql | STATUS: FAILED
[2026-02-04 22:57:40] OPERATION: INSTALL | PACKAGE: mysql-server | STATUS: SUCCESS
[2026-02-04 22:57:56] OPERATION: UPDATE | PACKAGE: system | STATUS: SUCCESS
[2026-02-04 22:58:11] OPERATION: SEARCH | PACKAGE: php | STATUS: COMPLETED
[2026-02-04 22:58:25] OPERATION: INSTALL | PACKAGE: php8.1 | STATUS: FAILED
[2026-02-04 22:59:09] OPERATION: INSTALL | PACKAGE: php8.1-mysql | STATUS: FAILED
[2026-02-04 22:59:26] OPERATION: SEARCH | PACKAGE: git | STATUS: COMPLETED
[2026-02-04 22:59:41] OPERATION: INSTALL | PACKAGE: git | STATUS: SUCCESS
[2026-02-04 22:59:52] OPERATION: SEARCH | PACKAGE: docker | STATUS: COMPLETED
[2026-02-04 23:04:02] OPERATION: INSTALL | PACKAGE: docker.io | STATUS: SUCCESS
[2026-02-04 23:19:46] OPERATION: UPDATE | PACKAGE: system | STATUS: SUCCESS
[2026-02-04 23:20:44] OPERATION: REMOVE | PACKAGE: apache2 | STATUS: SUCCESS
[2026-02-04 23:21:08] OPERATION: UPGRADE | PACKAGE: all | STATUS: SUCCESS
[2026-02-04 23:21:22] OPERATION: SEARCH | PACKAGE: python | STATUS: COMPLETED
[2026-02-04 23:22:00] OPERATION: INSTALL | PACKAGE: python3-pip | STATUS: SUCCESS
[2026-02-04 23:23:08] OPERATION: INSTALL | PACKAGE: python3-venv | STATUS: SUCCESS
[2026-02-04 23:23:30] OPERATION: VULN_SCAN | PACKAGE: system | STATUS: COMPLETED
